\BOOKMARK [1][-]{section.1}{Introductions}{}% 1
\BOOKMARK [1][-]{section.2}{Common Usage of Left Side}{}% 2
\BOOKMARK [2][-]{subsection.2.1}{Path}{section.2}% 3
\BOOKMARK [2][-]{subsection.2.2}{Number}{section.2}% 4
\BOOKMARK [2][-]{subsection.2.3}{Type}{section.2}% 5
\BOOKMARK [2][-]{subsection.2.4}{Execute and Save}{section.2}% 6
\BOOKMARK [2][-]{subsection.2.5}{Save}{section.2}% 7
\BOOKMARK [2][-]{subsection.2.6}{Text Box}{section.2}% 8
\BOOKMARK [1][-]{section.3}{Common Usage of Right Side}{}% 9
\BOOKMARK [2][-]{subsection.3.1}{Range Blank}{section.3}% 10
\BOOKMARK [2][-]{subsection.3.2}{Value Blank}{section.3}% 11
\BOOKMARK [2][-]{subsection.3.3}{Use Variable in a Blank}{section.3}% 12
\BOOKMARK [1][-]{section.4}{All}{}% 13
\BOOKMARK [1][-]{section.5}{Undirected Cut}{}% 14
\BOOKMARK [1][-]{section.6}{Directed Cut}{}% 15
\BOOKMARK [1][-]{section.7}{Connected Detachment}{}% 16
\BOOKMARK [1][-]{section.8}{Facility Location}{}% 17
\BOOKMARK [1][-]{section.9}{Graphic Matroid}{}% 18
\BOOKMARK [1][-]{section.10}{Binary Matrix Rank}{}% 19
\BOOKMARK [1][-]{section.11}{Negative Symmetric Matrix Summation}{}% 20
\BOOKMARK [1][-]{section.12}{Set Cover}{}% 21
\BOOKMARK [1][-]{section.13}{Set Cover Concave}{}% 22
