C:\USERS\ONIGIRI\DROPBOX\SUBMODULARFUNCTION\C++\SUBMODULARFUNCTION\SUBMODULARFUNCTION\RELEASE\SUBMODULARORACLE.OBJ
C:\USERS\ONIGIRI\DROPBOX\SUBMODULARFUNCTION\C++\SUBMODULARFUNCTION\SUBMODULARFUNCTION\RELEASE\MANUAL.OBJ
C:\USERS\ONIGIRI\DROPBOX\SUBMODULARFUNCTION\C++\SUBMODULARFUNCTION\SUBMODULARFUNCTION\RELEASE\UNIONFIND.OBJ
C:\USERS\ONIGIRI\DROPBOX\SUBMODULARFUNCTION\C++\SUBMODULARFUNCTION\SUBMODULARFUNCTION\RELEASE\UNDIRECTEDCUT.OBJ
C:\USERS\ONIGIRI\DROPBOX\SUBMODULARFUNCTION\C++\SUBMODULARFUNCTION\SUBMODULARFUNCTION\RELEASE\SUBMODULARFUNCTIONMINIMIZATION.OBJ
C:\USERS\ONIGIRI\DROPBOX\SUBMODULARFUNCTION\C++\SUBMODULARFUNCTION\SUBMODULARFUNCTION\RELEASE\SFMRESULT.OBJ
C:\USERS\ONIGIRI\DROPBOX\SUBMODULARFUNCTION\C++\SUBMODULARFUNCTION\SUBMODULARFUNCTION\RELEASE\SETCOVER.OBJ
C:\USERS\ONIGIRI\DROPBOX\SUBMODULARFUNCTION\C++\SUBMODULARFUNCTION\SUBMODULARFUNCTION\RELEASE\NEGATIVESYMMETRICMATRIXSUMMATION.OBJ
C:\USERS\ONIGIRI\DROPBOX\SUBMODULARFUNCTION\C++\SUBMODULARFUNCTION\SUBMODULARFUNCTION\RELEASE\MODULAR.OBJ
C:\USERS\ONIGIRI\DROPBOX\SUBMODULARFUNCTION\C++\SUBMODULARFUNCTION\SUBMODULARFUNCTION\RELEASE\GRAPHICMATROID.OBJ
C:\USERS\ONIGIRI\DROPBOX\SUBMODULARFUNCTION\C++\SUBMODULARFUNCTION\SUBMODULARFUNCTION\RELEASE\FACILITYLOCATION.OBJ
C:\USERS\ONIGIRI\DROPBOX\SUBMODULARFUNCTION\C++\SUBMODULARFUNCTION\SUBMODULARFUNCTION\RELEASE\DIRECTEDCUT.OBJ
C:\USERS\ONIGIRI\DROPBOX\SUBMODULARFUNCTION\C++\SUBMODULARFUNCTION\SUBMODULARFUNCTION\RELEASE\CUT.OBJ
C:\USERS\ONIGIRI\DROPBOX\SUBMODULARFUNCTION\C++\SUBMODULARFUNCTION\SUBMODULARFUNCTION\RELEASE\CONVERTER.OBJ
C:\USERS\ONIGIRI\DROPBOX\SUBMODULARFUNCTION\C++\SUBMODULARFUNCTION\SUBMODULARFUNCTION\RELEASE\CONNECTEDDETACHMENT.OBJ
C:\USERS\ONIGIRI\DROPBOX\SUBMODULARFUNCTION\C++\SUBMODULARFUNCTION\SUBMODULARFUNCTION\RELEASE\BRUTEFORCE.OBJ
C:\USERS\ONIGIRI\DROPBOX\SUBMODULARFUNCTION\C++\SUBMODULARFUNCTION\SUBMODULARFUNCTION\RELEASE\BINARYMATRIXRANK.OBJ
C:\USERS\ONIGIRI\DROPBOX\SUBMODULARFUNCTION\C++\SUBMODULARFUNCTION\SUBMODULARFUNCTION\RELEASE\VC110.PDB
C:\USERS\ONIGIRI\DROPBOX\SUBMODULARFUNCTION\C++\SUBMODULARFUNCTION\RELEASE\SUBMODULARFUNCTION.DLL
C:\USERS\ONIGIRI\DROPBOX\SUBMODULARFUNCTION\C++\SUBMODULARFUNCTION\RELEASE\SUBMODULARFUNCTION.PDB
C:\Users\onigiri\Dropbox\SubmodularFunction\C++\SubmodularFunction\Release\SubmodularFunction.lib
C:\Users\onigiri\Dropbox\SubmodularFunction\C++\SubmodularFunction\Release\SubmodularFunction.exp
C:\Users\onigiri\Dropbox\SubmodularFunction\C++\SubmodularFunction\SubmodularFunction\Release\BinaryMatrixRank.obj
C:\Users\onigiri\Dropbox\SubmodularFunction\C++\SubmodularFunction\SubmodularFunction\Release\BruteForce.obj
C:\Users\onigiri\Dropbox\SubmodularFunction\C++\SubmodularFunction\SubmodularFunction\Release\ConnectedDetachment.obj
C:\Users\onigiri\Dropbox\SubmodularFunction\C++\SubmodularFunction\SubmodularFunction\Release\Converter.obj
C:\Users\onigiri\Dropbox\SubmodularFunction\C++\SubmodularFunction\SubmodularFunction\Release\Cut.obj
C:\Users\onigiri\Dropbox\SubmodularFunction\C++\SubmodularFunction\SubmodularFunction\Release\DirectedCut.obj
C:\Users\onigiri\Dropbox\SubmodularFunction\C++\SubmodularFunction\SubmodularFunction\Release\FacilityLocation.obj
C:\Users\onigiri\Dropbox\SubmodularFunction\C++\SubmodularFunction\SubmodularFunction\Release\GraphicMatroid.obj
C:\Users\onigiri\Dropbox\SubmodularFunction\C++\SubmodularFunction\SubmodularFunction\Release\Manual.obj
C:\Users\onigiri\Dropbox\SubmodularFunction\C++\SubmodularFunction\SubmodularFunction\Release\Modular.obj
C:\Users\onigiri\Dropbox\SubmodularFunction\C++\SubmodularFunction\SubmodularFunction\Release\NegativeSymmetricMatrixSummation.obj
C:\Users\onigiri\Dropbox\SubmodularFunction\C++\SubmodularFunction\SubmodularFunction\Release\SetCover.obj
C:\Users\onigiri\Dropbox\SubmodularFunction\C++\SubmodularFunction\SubmodularFunction\Release\SFMResult.obj
C:\Users\onigiri\Dropbox\SubmodularFunction\C++\SubmodularFunction\SubmodularFunction\Release\SubmodularFunctionMinimization.obj
C:\Users\onigiri\Dropbox\SubmodularFunction\C++\SubmodularFunction\SubmodularFunction\Release\SubmodularOracle.obj
C:\Users\onigiri\Dropbox\SubmodularFunction\C++\SubmodularFunction\SubmodularFunction\Release\UndirectedCut.obj
C:\Users\onigiri\Dropbox\SubmodularFunction\C++\SubmodularFunction\SubmodularFunction\Release\UnionFind.obj
C:\Users\onigiri\Dropbox\SubmodularFunction\C++\SubmodularFunction\SubmodularFunction\Release\cl.command.1.tlog
C:\Users\onigiri\Dropbox\SubmodularFunction\C++\SubmodularFunction\SubmodularFunction\Release\CL.read.1.tlog
C:\Users\onigiri\Dropbox\SubmodularFunction\C++\SubmodularFunction\SubmodularFunction\Release\CL.write.1.tlog
C:\Users\onigiri\Dropbox\SubmodularFunction\C++\SubmodularFunction\SubmodularFunction\Release\link-cvtres.read.1.tlog
C:\Users\onigiri\Dropbox\SubmodularFunction\C++\SubmodularFunction\SubmodularFunction\Release\link-cvtres.write.1.tlog
C:\Users\onigiri\Dropbox\SubmodularFunction\C++\SubmodularFunction\SubmodularFunction\Release\link-rc.read.1.tlog
C:\Users\onigiri\Dropbox\SubmodularFunction\C++\SubmodularFunction\SubmodularFunction\Release\link-rc.write.1.tlog
C:\Users\onigiri\Dropbox\SubmodularFunction\C++\SubmodularFunction\SubmodularFunction\Release\link.command.1.tlog
C:\Users\onigiri\Dropbox\SubmodularFunction\C++\SubmodularFunction\SubmodularFunction\Release\link.read.1.tlog
C:\Users\onigiri\Dropbox\SubmodularFunction\C++\SubmodularFunction\SubmodularFunction\Release\link.write.1.tlog
C:\Users\onigiri\Dropbox\SubmodularFunction\C++\SubmodularFunction\SubmodularFunction\Release\SubmodularFunction.write.1.tlog
C:\Users\onigiri\Dropbox\SubmodularFunction\C++\SubmodularFunction\SubmodularFunction\Release\vc110.pdb
C:\Users\onigiri\Dropbox\SubmodularFunction\C++\SubmodularFunction\Release\SubmodularFunction.pdb
C:\Users\onigiri\Dropbox\SubmodularFunction\C++\SubmodularFunction\Release\SubmodularFunction.dll
